<?xml version="1.0" encoding="UTF-8"?>
<coverage generated="1761337018923" clover="3.2.0">
  <project timestamp="1761337018923" name="All files">
    <metrics statements="24" coveredstatements="20" conditionals="12" coveredconditionals="10" methods="12" coveredmethods="8" elements="48" coveredelements="38" complexity="0" loc="24" ncloc="24" packages="3" files="4" classes="4"/>
    <package name="src">
      <metrics statements="8" coveredstatements="8" conditionals="4" coveredconditionals="2" methods="2" coveredmethods="2"/>
      <file name="FirstStepsApp.tsx" path="/home/eplynuxdev/Downloads/React/Practicas_react/BasesReact2025/02-PrimerosPasosReact/src/FirstStepsApp.tsx">
        <metrics statements="1" coveredstatements="1" conditionals="0" coveredconditionals="0" methods="1" coveredmethods="1"/>
        <line num="11" count="1" type="stmt"/>
      </file>
      <file name="MyAwesomeApp.tsx" path="/home/eplynuxdev/Downloads/React/Practicas_react/BasesReact2025/02-PrimerosPasosReact/src/MyAwesomeApp.tsx">
        <metrics statements="7" coveredstatements="7" conditionals="4" coveredconditionals="2" methods="1" coveredmethods="1"/>
        <line num="2" count="3" type="stmt"/>
        <line num="3" count="3" type="stmt"/>
        <line num="4" count="3" type="stmt"/>
        <line num="5" count="3" type="stmt"/>
        <line num="7" count="3" type="stmt"/>
        <line num="8" count="3" type="stmt"/>
        <line num="17" count="3" type="stmt"/>
      </file>
    </package>
    <package name="src.helpers">
      <metrics statements="8" coveredstatements="7" conditionals="0" coveredconditionals="0" methods="4" coveredmethods="3"/>
      <file name="math.helper.ts" path="/home/eplynuxdev/Downloads/React/Practicas_react/BasesReact2025/02-PrimerosPasosReact/src/helpers/math.helper.ts">
        <metrics statements="8" coveredstatements="7" conditionals="0" coveredconditionals="0" methods="4" coveredmethods="3"/>
        <line num="3" count="1" type="stmt"/>
        <line num="4" count="1" type="stmt"/>
        <line num="9" count="1" type="stmt"/>
        <line num="10" count="2" type="stmt"/>
        <line num="15" count="1" type="stmt"/>
        <line num="16" count="2" type="stmt"/>
        <line num="21" count="1" type="stmt"/>
        <line num="22" count="0" type="stmt"/>
      </file>
    </package>
    <package name="src.shoppingCart">
      <metrics statements="8" coveredstatements="5" conditionals="8" coveredconditionals="8" methods="6" coveredmethods="3"/>
      <file name="ItemCounter.tsx" path="/home/eplynuxdev/Downloads/React/Practicas_react/BasesReact2025/02-PrimerosPasosReact/src/shoppingCart/ItemCounter.tsx">
        <metrics statements="8" coveredstatements="5" conditionals="8" coveredconditionals="8" methods="6" coveredmethods="3"/>
        <line num="17" count="15" type="stmt"/>
        <line num="22" count="1" type="stmt"/>
        <line num="26" count="7" type="cond" truecount="2" falsecount="0"/>
        <line num="27" count="2" type="stmt"/>
        <line num="29" count="5" type="stmt"/>
        <line num="35" count="0" type="stmt"/>
        <line num="74" count="0" type="stmt"/>
        <line num="82" count="0" type="stmt"/>
      </file>
    </package>
  </project>
</coverage>
