{"/home/eplynuxdev/Downloads/React/Practicas_react/BasesReact2025/02-PrimerosPasosReact/src/FirstStepsApp.tsx": {"path":"/home/eplynuxdev/Downloads/React/Practicas_react/BasesReact2025/02-PrimerosPasosReact/src/FirstStepsApp.tsx","statementMap":{"0":{"start":{"line":11,"column":30},"end":{"line":36,"column":null}}},"fnMap":{"0":{"name":"FirstStepsApp","decl":{"start":{"line":38,"column":16},"end":{"line":38,"column":null}},"loc":{"start":{"line":38,"column":16},"end":{"line":64,"column":null}},"line":38}},"branchMap":{},"s":{"0":1},"f":{"0":1},"b":{},"meta":{"lastBranch":0,"lastFunction":1,"lastStatement":1,"seen":{"s:11:30:36:Infinity":0,"f:38:16:38:Infinity":0}}}
,"/home/eplynuxdev/Downloads/React/Practicas_react/BasesReact2025/02-PrimerosPasosReact/src/MyAwesomeApp.tsx": {"path":"/home/eplynuxdev/Downloads/React/Practicas_react/BasesReact2025/02-PrimerosPasosReact/src/MyAwesomeApp.tsx","statementMap":{"0":{"start":{"line":2,"column":23},"end":{"line":2,"column":null}},"1":{"start":{"line":3,"column":24},"end":{"line":3,"column":null}},"2":{"start":{"line":4,"column":25},"end":{"line":4,"column":null}},"3":{"start":{"line":5,"column":26},"end":{"line":5,"column":null}},"4":{"start":{"line":7,"column":26},"end":{"line":7,"column":null}},"5":{"start":{"line":8,"column":24},"end":{"line":8,"column":null}},"6":{"start":{"line":17,"column":27},"end":{"line":22,"column":null}}},"fnMap":{"0":{"name":"MyAwesomeApp","decl":{"start":{"line":1,"column":24},"end":{"line":1,"column":null}},"loc":{"start":{"line":1,"column":24},"end":{"line":58,"column":null}},"line":1}},"branchMap":{"0":{"loc":{"start":{"line":34,"column":11},"end":{"line":34,"column":null}},"type":"cond-expr","locations":[{"start":{"line":34,"column":27},"end":{"line":34,"column":38}},{"start":{"line":34,"column":38},"end":{"line":34,"column":null}}],"line":34},"1":{"loc":{"start":{"line":52,"column":9},"end":{"line":54,"column":null}},"type":"cond-expr","locations":[{"start":{"line":53,"column":12},"end":{"line":53,"column":null}},{"start":{"line":54,"column":12},"end":{"line":54,"column":null}}],"line":52}},"s":{"0":3,"1":3,"2":3,"3":3,"4":3,"5":3,"6":3},"f":{"0":3},"b":{"0":[0,3],"1":[3,0]},"meta":{"lastBranch":2,"lastFunction":1,"lastStatement":7,"seen":{"f:1:24:1:Infinity":0,"s:2:23:2:Infinity":0,"s:3:24:3:Infinity":1,"s:4:25:4:Infinity":2,"s:5:26:5:Infinity":3,"s:7:26:7:Infinity":4,"s:8:24:8:Infinity":5,"s:17:27:22:Infinity":6,"b:34:27:34:38:34:38:34:Infinity":0,"b:53:12:53:Infinity:54:12:54:Infinity":1}}}
,"/home/eplynuxdev/Downloads/React/Practicas_react/BasesReact2025/02-PrimerosPasosReact/src/helpers/math.helper.ts": {"path":"/home/eplynuxdev/Downloads/React/Practicas_react/BasesReact2025/02-PrimerosPasosReact/src/helpers/math.helper.ts","statementMap":{"0":{"start":{"line":3,"column":19},"end":{"line":5,"column":null}},"1":{"start":{"line":4,"column":4},"end":{"line":4,"column":null}},"2":{"start":{"line":9,"column":24},"end":{"line":11,"column":null}},"3":{"start":{"line":10,"column":4},"end":{"line":10,"column":null}},"4":{"start":{"line":15,"column":24},"end":{"line":17,"column":null}},"5":{"start":{"line":16,"column":4},"end":{"line":16,"column":null}},"6":{"start":{"line":21,"column":22},"end":{"line":23,"column":null}},"7":{"start":{"line":22,"column":4},"end":{"line":22,"column":null}}},"fnMap":{"0":{"name":"(anonymous_0)","decl":{"start":{"line":3,"column":19},"end":{"line":3,"column":20}},"loc":{"start":{"line":3,"column":31},"end":{"line":5,"column":null}},"line":3},"1":{"name":"(anonymous_1)","decl":{"start":{"line":9,"column":24},"end":{"line":9,"column":25}},"loc":{"start":{"line":9,"column":36},"end":{"line":11,"column":null}},"line":9},"2":{"name":"(anonymous_2)","decl":{"start":{"line":15,"column":24},"end":{"line":15,"column":25}},"loc":{"start":{"line":15,"column":36},"end":{"line":17,"column":null}},"line":15},"3":{"name":"(anonymous_3)","decl":{"start":{"line":21,"column":22},"end":{"line":21,"column":23}},"loc":{"start":{"line":21,"column":34},"end":{"line":23,"column":null}},"line":21}},"branchMap":{},"s":{"0":1,"1":1,"2":1,"3":2,"4":1,"5":2,"6":1,"7":0},"f":{"0":1,"1":2,"2":2,"3":0},"b":{},"meta":{"lastBranch":0,"lastFunction":4,"lastStatement":8,"seen":{"s:3:19:5:Infinity":0,"f:3:19:3:20":0,"s:4:4:4:Infinity":1,"s:9:24:11:Infinity":2,"f:9:24:9:25":1,"s:10:4:10:Infinity":3,"s:15:24:17:Infinity":4,"f:15:24:15:25":2,"s:16:4:16:Infinity":5,"s:21:22:23:Infinity":6,"f:21:22:21:23":3,"s:22:4:22:Infinity":7}}}
,"/home/eplynuxdev/Downloads/React/Practicas_react/BasesReact2025/02-PrimerosPasosReact/src/shoppingCart/ItemCounter.tsx": {"path":"/home/eplynuxdev/Downloads/React/Practicas_react/BasesReact2025/02-PrimerosPasosReact/src/shoppingCart/ItemCounter.tsx","statementMap":{"0":{"start":{"line":17,"column":25},"end":{"line":17,"column":null}},"1":{"start":{"line":22,"column":2},"end":{"line":22,"column":null}},"2":{"start":{"line":26,"column":2},"end":{"line":28,"column":null}},"3":{"start":{"line":27,"column":4},"end":{"line":27,"column":null}},"4":{"start":{"line":29,"column":2},"end":{"line":29,"column":null}},"5":{"start":{"line":35,"column":4},"end":{"line":35,"column":null}},"6":{"start":{"line":74,"column":26},"end":{"line":74,"column":null}},"7":{"start":{"line":82,"column":28},"end":{"line":82,"column":null}}},"fnMap":{"0":{"name":"ItemCounter","decl":{"start":{"line":10,"column":24},"end":{"line":10,"column":36}},"loc":{"start":{"line":15,"column":8},"end":{"line":89,"column":null}},"line":15},"1":{"name":"handleAdd","decl":{"start":{"line":21,"column":9},"end":{"line":21,"column":null}},"loc":{"start":{"line":21,"column":9},"end":{"line":23,"column":null}},"line":21},"2":{"name":"handleSubtract","decl":{"start":{"line":25,"column":9},"end":{"line":25,"column":null}},"loc":{"start":{"line":25,"column":9},"end":{"line":30,"column":null}},"line":25},"3":{"name":"handleClick","decl":{"start":{"line":34,"column":11},"end":{"line":34,"column":null}},"loc":{"start":{"line":34,"column":11},"end":{"line":36,"column":null}},"line":34},"4":{"name":"(anonymous_4)","decl":{"start":{"line":74,"column":20},"end":{"line":74,"column":26}},"loc":{"start":{"line":74,"column":26},"end":{"line":74,"column":null}},"line":74},"5":{"name":"(anonymous_5)","decl":{"start":{"line":82,"column":22},"end":{"line":82,"column":28}},"loc":{"start":{"line":82,"column":28},"end":{"line":82,"column":null}},"line":82}},"branchMap":{"0":{"loc":{"start":{"line":26,"column":2},"end":{"line":28,"column":null}},"type":"if","locations":[{"start":{"line":26,"column":2},"end":{"line":28,"column":null}},{"start":{},"end":{}}],"line":26},"1":{"loc":{"start":{"line":56,"column":31},"end":{"line":56,"column":59}},"type":"cond-expr","locations":[{"start":{"line":56,"column":42},"end":{"line":56,"column":52}},{"start":{"line":56,"column":52},"end":{"line":56,"column":59}}],"line":56},"2":{"loc":{"start":{"line":62,"column":34},"end":{"line":62,"column":61}},"type":"cond-expr","locations":[{"start":{"line":62,"column":45},"end":{"line":62,"column":55}},{"start":{"line":62,"column":55},"end":{"line":62,"column":61}}],"line":62},"3":{"loc":{"start":{"line":63,"column":15},"end":{"line":63,"column":null}},"type":"cond-expr","locations":[{"start":{"line":63,"column":26},"end":{"line":63,"column":41}},{"start":{"line":63,"column":41},"end":{"line":63,"column":null}}],"line":63}},"s":{"0":15,"1":1,"2":7,"3":2,"4":5,"5":0,"6":0,"7":0},"f":{"0":15,"1":1,"2":7,"3":0,"4":0,"5":0},"b":{"0":[2,5],"1":[13,2],"2":[13,2],"3":[13,2]},"meta":{"lastBranch":4,"lastFunction":6,"lastStatement":8,"seen":{"f:10:24:10:36":0,"s:17:25:17:Infinity":0,"f:21:9:21:Infinity":1,"s:22:2:22:Infinity":1,"f:25:9:25:Infinity":2,"b:26:2:28:Infinity:undefined:undefined:undefined:undefined":0,"s:26:2:28:Infinity":2,"s:27:4:27:Infinity":3,"s:29:2:29:Infinity":4,"f:34:11:34:Infinity":3,"s:35:4:35:Infinity":5,"b:56:42:56:52:56:52:56:59":1,"b:62:45:62:55:62:55:62:61":2,"b:63:26:63:41:63:41:63:Infinity":3,"f:74:20:74:26":4,"s:74:26:74:Infinity":6,"f:82:22:82:28":5,"s:82:28:82:Infinity":7}}}
}
